<?xml version="1.0" encoding="UTF-8"?>
<!-- Generated by org.testng.reporters.JUnitXMLReporter -->
<testsuite hostname="DESKTOP-F39IKI8" ignored="0" name="Default test" tests="3" failures="0" timestamp="02 Mar 2019 19:16:07 GMT" time="34.242" errors="0">
  <testcase name="test1" time="1.372" classname="com.udemy.cicddemo.TestClass1"/>
  <testcase name="test2" time="5.962" classname="com.udemy.cicddemo.TestClass1"/>
  <testcase name="test3" time="3.6" classname="com.udemy.cicddemo.TestClass1"/>
</testsuite> <!-- Default test -->
