<?xml version="1.0" encoding="UTF-8"?>
<!-- Generated by org.testng.reporters.JUnitXMLReporter -->
<testsuite hostname="DESKTOP-F39IKI8" ignored="0" name="Default test" tests="3" failures="0" timestamp="03 Mar 2019 00:58:41 GMT" time="25.282" errors="0">
  <testcase name="test1" time="1.322" classname="com.udemy.cicddemo.TestClass1"/>
  <testcase name="test2" time="2.902" classname="com.udemy.cicddemo.TestClass1"/>
  <testcase name="test3" time="1.578" classname="com.udemy.cicddemo.TestClass1"/>
</testsuite> <!-- Default test -->
