<?xml version="1.0" encoding="UTF-8"?>
<!-- Generated by org.testng.reporters.JUnitXMLReporter -->
<testsuite hostname="DESKTOP-F39IKI8" ignored="0" name="Test" tests="3" failures="0" timestamp="16 Feb 2019 17:45:50 GMT" time="45.984" errors="0">
  <testcase name="test1" time="6.04" classname="com.udemy.cicddemo.TestClass1"/>
  <testcase name="test2" time="3.585" classname="com.udemy.cicddemo.TestClass1"/>
  <testcase name="test3" time="3.733" classname="com.udemy.cicddemo.TestClass1"/>
</testsuite> <!-- Test -->
