<?xml version="1.0" encoding="UTF-8"?>
<!-- Generated by org.testng.reporters.JUnitXMLReporter -->
<testsuite hostname="DESKTOP-F39IKI8" ignored="0" name="Test" tests="3" failures="1" timestamp="02 Mar 2019 19:02:32 GMT" time="6.884" errors="0">
  <testcase name="@AfterMethod quit" time="0.008" classname="com.udemy.cicddemo.TestClass1">
    <failure type="java.lang.NullPointerException">
      <![CDATA[java.lang.NullPointerException
at com.udemy.cicddemo.TestClass1.quit(TestClass1.java:91)
... Removed 28 stack frames]]>
    </failure>
  </testcase> <!-- @AfterMethod quit -->
  <testcase name="@BeforeMethod launchDriver" time="0.0" classname="com.udemy.cicddemo.TestClass1">
    <skipped/>
  </testcase> <!-- @BeforeMethod launchDriver -->
  <testcase name="@AfterMethod quit" time="0.0" classname="com.udemy.cicddemo.TestClass1">
    <skipped/>
  </testcase> <!-- @AfterMethod quit -->
  <testcase name="@BeforeMethod launchDriver" time="0.0" classname="com.udemy.cicddemo.TestClass1">
    <skipped/>
  </testcase> <!-- @BeforeMethod launchDriver -->
  <testcase name="@AfterMethod quit" time="0.0" classname="com.udemy.cicddemo.TestClass1">
    <skipped/>
  </testcase> <!-- @AfterMethod quit -->
  <testcase name="test1" time="0.028" classname="com.udemy.cicddemo.TestClass1">
    <failure type="java.lang.NullPointerException">
      <![CDATA[java.lang.NullPointerException
at com.udemy.cicddemo.TestClass1.test1(TestClass1.java:74)
... Removed 25 stack frames]]>
    </failure>
  </testcase> <!-- test1 -->
  <testcase name="test2" time="0.0" classname="com.udemy.cicddemo.TestClass1">
    <skipped/>
  </testcase> <!-- test2 -->
  <testcase name="test3" time="0.0" classname="com.udemy.cicddemo.TestClass1">
    <skipped/>
  </testcase> <!-- test3 -->
</testsuite> <!-- Test -->
