<?xml version="1.0" encoding="UTF-8"?>
<!-- Generated by org.testng.reporters.JUnitXMLReporter -->
<testsuite hostname="DESKTOP-F39IKI8" ignored="0" name="Test" tests="3" failures="0" timestamp="16 Feb 2019 18:03:02 GMT" time="67.223" errors="0">
  <testcase name="test1" time="3.035" classname="com.udemy.cicddemo.TestClass1"/>
  <testcase name="test2" time="4.779" classname="com.udemy.cicddemo.TestClass1"/>
  <testcase name="test3" time="6.179" classname="com.udemy.cicddemo.TestClass1"/>
</testsuite> <!-- Test -->
