<?xml version="1.0" encoding="UTF-8"?>
<testng-results skipped="0" failed="0" ignored="0" total="3" passed="3">
  <reporter-output>
  </reporter-output>
  <suite name="Default suite" duration-ms="25282" started-at="2019-03-03T00:58:16Z" finished-at="2019-03-03T00:58:41Z">
    <groups>
    </groups>
    <test name="Default test" duration-ms="25282" started-at="2019-03-03T00:58:16Z" finished-at="2019-03-03T00:58:41Z">
      <class name="com.udemy.cicddemo.TestClass1">
        <test-method status="PASS" signature="launchDriver()[pri:0, instance:com.udemy.cicddemo.TestClass1@491cc5c9]" name="launchDriver" is-config="true" duration-ms="7881" started-at="2019-03-03T00:58:16Z" finished-at="2019-03-03T00:58:23Z">
          <reporter-output>
          </reporter-output>
        </test-method> <!-- launchDriver -->
        <test-method status="PASS" signature="test1()[pri:0, instance:com.udemy.cicddemo.TestClass1@491cc5c9]" name="test1" duration-ms="1322" started-at="2019-03-03T00:58:23Z" finished-at="2019-03-03T00:58:25Z">
          <reporter-output>
          </reporter-output>
        </test-method> <!-- test1 -->
        <test-method status="PASS" signature="quit()[pri:0, instance:com.udemy.cicddemo.TestClass1@491cc5c9]" name="quit" is-config="true" duration-ms="1065" started-at="2019-03-03T00:58:25Z" finished-at="2019-03-03T00:58:26Z">
          <reporter-output>
          </reporter-output>
        </test-method> <!-- quit -->
        <test-method status="PASS" signature="launchDriver()[pri:0, instance:com.udemy.cicddemo.TestClass1@491cc5c9]" name="launchDriver" is-config="true" duration-ms="3895" started-at="2019-03-03T00:58:26Z" finished-at="2019-03-03T00:58:30Z">
          <reporter-output>
          </reporter-output>
        </test-method> <!-- launchDriver -->
        <test-method status="PASS" signature="test2()[pri:0, instance:com.udemy.cicddemo.TestClass1@491cc5c9]" name="test2" duration-ms="2902" started-at="2019-03-03T00:58:30Z" finished-at="2019-03-03T00:58:33Z">
          <reporter-output>
          </reporter-output>
        </test-method> <!-- test2 -->
        <test-method status="PASS" signature="quit()[pri:0, instance:com.udemy.cicddemo.TestClass1@491cc5c9]" name="quit" is-config="true" duration-ms="1024" started-at="2019-03-03T00:58:33Z" finished-at="2019-03-03T00:58:34Z">
          <reporter-output>
          </reporter-output>
        </test-method> <!-- quit -->
        <test-method status="PASS" signature="launchDriver()[pri:0, instance:com.udemy.cicddemo.TestClass1@491cc5c9]" name="launchDriver" is-config="true" duration-ms="4437" started-at="2019-03-03T00:58:34Z" finished-at="2019-03-03T00:58:38Z">
          <reporter-output>
          </reporter-output>
        </test-method> <!-- launchDriver -->
        <test-method status="PASS" signature="test3()[pri:0, instance:com.udemy.cicddemo.TestClass1@491cc5c9]" name="test3" duration-ms="1578" started-at="2019-03-03T00:58:38Z" finished-at="2019-03-03T00:58:40Z">
          <reporter-output>
          </reporter-output>
        </test-method> <!-- test3 -->
        <test-method status="PASS" signature="quit()[pri:0, instance:com.udemy.cicddemo.TestClass1@491cc5c9]" name="quit" is-config="true" duration-ms="1073" started-at="2019-03-03T00:58:40Z" finished-at="2019-03-03T00:58:41Z">
          <reporter-output>
          </reporter-output>
        </test-method> <!-- quit -->
      </class> <!-- com.udemy.cicddemo.TestClass1 -->
    </test> <!-- Default test -->
  </suite> <!-- Default suite -->
</testng-results>
