<?xml version="1.0" encoding="UTF-8"?>
<testng-results skipped="0" failed="0" ignored="0" total="3" passed="3">
  <reporter-output>
  </reporter-output>
  <suite name="Suite" duration-ms="45984" started-at="2019-02-16T17:45:03Z" finished-at="2019-02-16T17:45:49Z">
    <groups>
    </groups>
    <test name="Test" duration-ms="45984" started-at="2019-02-16T17:45:03Z" finished-at="2019-02-16T17:45:49Z">
      <class name="com.udemy.cicddemo.TestClass1">
        <test-method status="PASS" signature="launchDriver()[pri:0, instance:com.udemy.cicddemo.TestClass1@e720b71]" name="launchDriver" is-config="true" duration-ms="13133" started-at="2019-02-16T17:45:03Z" finished-at="2019-02-16T17:45:16Z">
          <reporter-output>
          </reporter-output>
        </test-method> <!-- launchDriver -->
        <test-method status="PASS" signature="test1()[pri:0, instance:com.udemy.cicddemo.TestClass1@e720b71]" name="test1" duration-ms="6040" started-at="2019-02-16T17:45:16Z" finished-at="2019-02-16T17:45:22Z">
          <reporter-output>
          </reporter-output>
        </test-method> <!-- test1 -->
        <test-method status="PASS" signature="quit()[pri:0, instance:com.udemy.cicddemo.TestClass1@e720b71]" name="quit" is-config="true" duration-ms="2219" started-at="2019-02-16T17:45:22Z" finished-at="2019-02-16T17:45:24Z">
          <reporter-output>
          </reporter-output>
        </test-method> <!-- quit -->
        <test-method status="PASS" signature="launchDriver()[pri:0, instance:com.udemy.cicddemo.TestClass1@e720b71]" name="launchDriver" is-config="true" duration-ms="6735" started-at="2019-02-16T17:45:24Z" finished-at="2019-02-16T17:45:31Z">
          <reporter-output>
          </reporter-output>
        </test-method> <!-- launchDriver -->
        <test-method status="PASS" signature="test2()[pri:0, instance:com.udemy.cicddemo.TestClass1@e720b71]" name="test2" duration-ms="3585" started-at="2019-02-16T17:45:31Z" finished-at="2019-02-16T17:45:35Z">
          <reporter-output>
          </reporter-output>
        </test-method> <!-- test2 -->
        <test-method status="PASS" signature="quit()[pri:0, instance:com.udemy.cicddemo.TestClass1@e720b71]" name="quit" is-config="true" duration-ms="1681" started-at="2019-02-16T17:45:35Z" finished-at="2019-02-16T17:45:36Z">
          <reporter-output>
          </reporter-output>
        </test-method> <!-- quit -->
        <test-method status="PASS" signature="launchDriver()[pri:0, instance:com.udemy.cicddemo.TestClass1@e720b71]" name="launchDriver" is-config="true" duration-ms="6972" started-at="2019-02-16T17:45:36Z" finished-at="2019-02-16T17:45:43Z">
          <reporter-output>
          </reporter-output>
        </test-method> <!-- launchDriver -->
        <test-method status="PASS" signature="test3()[pri:0, instance:com.udemy.cicddemo.TestClass1@e720b71]" name="test3" duration-ms="3733" started-at="2019-02-16T17:45:43Z" finished-at="2019-02-16T17:45:47Z">
          <reporter-output>
          </reporter-output>
        </test-method> <!-- test3 -->
        <test-method status="PASS" signature="quit()[pri:0, instance:com.udemy.cicddemo.TestClass1@e720b71]" name="quit" is-config="true" duration-ms="1797" started-at="2019-02-16T17:45:47Z" finished-at="2019-02-16T17:45:49Z">
          <reporter-output>
          </reporter-output>
        </test-method> <!-- quit -->
      </class> <!-- com.udemy.cicddemo.TestClass1 -->
    </test> <!-- Test -->
  </suite> <!-- Suite -->
</testng-results>
